app/build/intermediates/manifest_merge_blame_file/debug/processDebugMainManifest/manifest-merger-blame-debug-report.txt
1<?xml version="1.0" encoding="utf-8"?>
2<manifest xmlns:android="http://schemas.android.com/apk/res/android"
3    package="com.dalazu.addprescription"
4    android:versionCode="1"
5    android:versionName="1.0" >
6
7    <uses-sdk
8        android:minSdkVersion="26"
9        android:targetSdkVersion="34" />
10
11    <uses-permission android:name="android.permission.INTERNET" />
11-->src\main\AndroidManifest.xml:5:5-67
11-->src\main\AndroidManifest.xml:5:22-64
12
13    <queries>
13-->[com.github.dhaval2404:imagepicker:2.1] AndroidManifest.xml:9:5-19:15
14
15        <!-- Query Camera Packages -->
16        <intent>
16-->[com.github.dhaval2404:imagepicker:2.1] AndroidManifest.xml:12:9-14:18
17            <action android:name="android.media.action.IMAGE_CAPTURE" />
17-->[com.github.dhaval2404:imagepicker:2.1] AndroidManifest.xml:13:13-73
17-->[com.github.dhaval2404:imagepicker:2.1] AndroidManifest.xml:13:21-70
18        </intent>
19        <!-- Query Open Document -->
20        <intent>
20-->[com.github.dhaval2404:imagepicker:2.1] AndroidManifest.xml:16:9-18:18
21            <action android:name="android.intent.action.OPEN_DOCUMENT_TREE" />
21-->[com.github.dhaval2404:imagepicker:2.1] AndroidManifest.xml:17:13-79
21-->[com.github.dhaval2404:imagepicker:2.1] AndroidManifest.xml:17:21-76
22        </intent>
23    </queries>
24
25    <uses-permission android:name="android.permission.ACCESS_NETWORK_STATE" />
25-->[com.google.firebase:firebase-auth:23.1.0] AndroidManifest.xml:26:5-79
25-->[com.google.firebase:firebase-auth:23.1.0] AndroidManifest.xml:26:22-76
26    <uses-permission android:name="com.google.android.providers.gsf.permission.READ_GSERVICES" />
26-->[com.google.android.recaptcha:recaptcha:18.5.1] AndroidManifest.xml:9:5-98
26-->[com.google.android.recaptcha:recaptcha:18.5.1] AndroidManifest.xml:9:22-95
27
28    <permission
28-->[androidx.core:core:1.13.0] AndroidManifest.xml:22:5-24:47
29        android:name="com.dalazu.addprescription.DYNAMIC_RECEIVER_NOT_EXPORTED_PERMISSION"
29-->[androidx.core:core:1.13.0] AndroidManifest.xml:23:9-81
30        android:protectionLevel="signature" />
30-->[androidx.core:core:1.13.0] AndroidManifest.xml:24:9-44
31
32    <uses-permission android:name="com.dalazu.addprescription.DYNAMIC_RECEIVER_NOT_EXPORTED_PERMISSION" />
32-->[androidx.core:core:1.13.0] AndroidManifest.xml:26:5-97
32-->[androidx.core:core:1.13.0] AndroidManifest.xml:26:22-94
33
34    <application
34-->src\main\AndroidManifest.xml:7:5-77:19
35        android:allowBackup="true"
35-->src\main\AndroidManifest.xml:8:9-35
36        android:appComponentFactory="androidx.core.app.CoreComponentFactory"
36-->[androidx.core:core:1.13.0] AndroidManifest.xml:28:18-86
37        android:dataExtractionRules="@xml/data_extraction_rules"
37-->src\main\AndroidManifest.xml:9:9-65
38        android:debuggable="true"
39        android:extractNativeLibs="false"
40        android:fullBackupContent="@xml/backup_rules"
40-->src\main\AndroidManifest.xml:10:9-54
41        android:icon="@mipmap/ic_launcher"
41-->src\main\AndroidManifest.xml:11:9-43
42        android:label="@string/app_name"
42-->src\main\AndroidManifest.xml:12:9-41
43        android:roundIcon="@mipmap/ic_launcher_round"
43-->src\main\AndroidManifest.xml:13:9-54
44        android:supportsRtl="true"
44-->src\main\AndroidManifest.xml:14:9-35
45        android:theme="@style/Theme.AddPrescription" >
45-->src\main\AndroidManifest.xml:15:9-53
46        <activity
46-->src\main\AndroidManifest.xml:17:9-19:40
47            android:name="com.dalazu.addprescription.ui.AppointmentReminderActivity.AddMReminder"
47-->src\main\AndroidManifest.xml:18:13-72
48            android:exported="false" />
48-->src\main\AndroidManifest.xml:19:13-37
49        <activity
49-->src\main\AndroidManifest.xml:21:9-23:40
50            android:name="com.dalazu.addprescription.ui.LoginSignupForget.ProfileActivity"
50-->src\main\AndroidManifest.xml:22:13-65
51            android:exported="false" />
51-->src\main\AndroidManifest.xml:23:13-37
52        <activity
52-->src\main\AndroidManifest.xml:24:9-27:84
53            android:name="com.dalazu.addprescription.ui.LoginSignupForget.ForgetPassword"
53-->src\main\AndroidManifest.xml:25:13-64
54            android:label="Forgot Password"
54-->src\main\AndroidManifest.xml:26:13-44
55            android:theme="@style/Theme.MaterialComponents.DayNight.NoActionBar" />
55-->src\main\AndroidManifest.xml:27:13-81
56        <activity
56-->src\main\AndroidManifest.xml:28:9-30:40
57            android:name="com.dalazu.addprescription.ui.LoginSignupForget.RegisterAccount"
57-->src\main\AndroidManifest.xml:29:13-65
58            android:exported="false" />
58-->src\main\AndroidManifest.xml:30:13-37
59        <activity
59-->src\main\AndroidManifest.xml:31:9-33:40
60            android:name="com.dalazu.addprescription.ui.DashboardActivity.DashboardActivity"
60-->src\main\AndroidManifest.xml:32:13-67
61            android:exported="false" />
61-->src\main\AndroidManifest.xml:33:13-37
62        <activity
62-->src\main\AndroidManifest.xml:34:9-36:40
63            android:name="com.dalazu.addprescription.ui.AddPrescription.PrescriptionFile"
63-->src\main\AndroidManifest.xml:35:13-64
64            android:exported="false" />
64-->src\main\AndroidManifest.xml:36:13-37
65        <activity
65-->src\main\AndroidManifest.xml:37:9-39:40
66            android:name="com.dalazu.addprescription.ui.AppointmentReminderActivity.AddAppointmentReminder"
66-->src\main\AndroidManifest.xml:38:13-82
67            android:exported="false" />
67-->src\main\AndroidManifest.xml:39:13-37
68        <activity
68-->src\main\AndroidManifest.xml:41:9-43:40
69            android:name="com.dalazu.addprescription.ui.EducationalResouresActivity.EducationalResourcesActivity"
69-->src\main\AndroidManifest.xml:42:13-88
70            android:exported="false" />
70-->src\main\AndroidManifest.xml:43:13-37
71        <activity
71-->src\main\AndroidManifest.xml:44:9-46:40
72            android:name="com.dalazu.addprescription.ui.WomensHealthActivity.WomensHealthActivity"
72-->src\main\AndroidManifest.xml:45:13-73
73            android:exported="false" />
73-->src\main\AndroidManifest.xml:46:13-37
74        <activity
74-->src\main\AndroidManifest.xml:47:9-49:40
75            android:name="com.dalazu.addprescription.ui.NutritionDietPlaningActivity.NutritionDietPlaningActivity"
75-->src\main\AndroidManifest.xml:48:13-89
76            android:exported="false" />
76-->src\main\AndroidManifest.xml:49:13-37
77        <activity
77-->src\main\AndroidManifest.xml:50:9-52:40
78            android:name="com.dalazu.addprescription.ui.DiseasManagmentActivity.DiseaseManagementActivity"
78-->src\main\AndroidManifest.xml:51:13-81
79            android:exported="false" />
79-->src\main\AndroidManifest.xml:52:13-37
80        <activity
80-->src\main\AndroidManifest.xml:53:9-55:40
81            android:name="com.dalazu.addprescription.ui.AddPrescription.AddPrescription"
81-->src\main\AndroidManifest.xml:54:13-63
82            android:exported="false" />
82-->src\main\AndroidManifest.xml:55:13-37
83        <activity
83-->src\main\AndroidManifest.xml:56:9-58:40
84            android:name="com.dalazu.addprescription.ui.VaccinationReminderActiviy.VaccinationReminderActivity"
84-->src\main\AndroidManifest.xml:57:13-86
85            android:exported="false" />
85-->src\main\AndroidManifest.xml:58:13-37
86        <activity
86-->src\main\AndroidManifest.xml:59:9-61:40
87            android:name="com.dalazu.addprescription.ui.MedicineReminderActivity.MedicineReminderActivity"
87-->src\main\AndroidManifest.xml:60:13-81
88            android:exported="false" />
88-->src\main\AndroidManifest.xml:61:13-37
89        <activity
89-->src\main\AndroidManifest.xml:62:9-64:40
90            android:name="com.dalazu.addprescription.ui.AppointmentReminderActivity.AppointmentReminderActivity"
90-->src\main\AndroidManifest.xml:63:13-87
91            android:exported="false" />
91-->src\main\AndroidManifest.xml:64:13-37
92        <activity
92-->src\main\AndroidManifest.xml:65:9-67:40
93            android:name="com.dalazu.addprescription.ui.WaterReminderActivity.WaterReminderActivity"
93-->src\main\AndroidManifest.xml:66:13-75
94            android:exported="false" />
94-->src\main\AndroidManifest.xml:67:13-37
95        <activity
95-->src\main\AndroidManifest.xml:68:9-76:20
96            android:name="com.dalazu.addprescription.ui.LoginSignupForget.Login"
96-->src\main\AndroidManifest.xml:69:13-55
97            android:exported="true" >
97-->src\main\AndroidManifest.xml:70:13-36
98            <intent-filter>
98-->src\main\AndroidManifest.xml:71:13-75:29
99                <action android:name="android.intent.action.MAIN" />
99-->src\main\AndroidManifest.xml:72:17-69
99-->src\main\AndroidManifest.xml:72:25-66
100
101                <category android:name="android.intent.category.LAUNCHER" />
101-->src\main\AndroidManifest.xml:74:17-77
101-->src\main\AndroidManifest.xml:74:27-74
102            </intent-filter>
103        </activity>
104        <activity
104-->[com.github.dhaval2404:imagepicker:2.1] AndroidManifest.xml:22:9-25:68
105            android:name="com.github.dhaval2404.imagepicker.ImagePickerActivity"
105-->[com.github.dhaval2404:imagepicker:2.1] AndroidManifest.xml:23:13-81
106            android:screenOrientation="unspecified"
106-->[com.github.dhaval2404:imagepicker:2.1] AndroidManifest.xml:24:13-52
107            android:theme="@style/Theme.Transparent.ImagePicker" />
107-->[com.github.dhaval2404:imagepicker:2.1] AndroidManifest.xml:25:13-65
108        <activity
108-->[com.github.dhaval2404:imagepicker:2.1] AndroidManifest.xml:26:9-29:72
109            android:name="com.yalantis.ucrop.UCropActivity"
109-->[com.github.dhaval2404:imagepicker:2.1] AndroidManifest.xml:27:13-60
110            android:screenOrientation="portrait"
110-->[com.github.dhaval2404:imagepicker:2.1] AndroidManifest.xml:28:13-49
111            android:theme="@style/Theme.AppCompat.Light.NoActionBar" />
111-->[com.github.dhaval2404:imagepicker:2.1] AndroidManifest.xml:29:13-69
112
113        <provider
113-->[com.github.dhaval2404:imagepicker:2.1] AndroidManifest.xml:31:9-39:20
114            android:name="com.github.dhaval2404.imagepicker.ImagePickerFileProvider"
114-->[com.github.dhaval2404:imagepicker:2.1] AndroidManifest.xml:32:13-85
115            android:authorities="com.dalazu.addprescription.imagepicker.provider"
115-->[com.github.dhaval2404:imagepicker:2.1] AndroidManifest.xml:33:13-72
116            android:exported="false"
116-->[com.github.dhaval2404:imagepicker:2.1] AndroidManifest.xml:34:13-37
117            android:grantUriPermissions="true" >
117-->[com.github.dhaval2404:imagepicker:2.1] AndroidManifest.xml:35:13-47
118            <meta-data
118-->[com.github.dhaval2404:imagepicker:2.1] AndroidManifest.xml:36:13-38:71
119                android:name="android.support.FILE_PROVIDER_PATHS"
119-->[com.github.dhaval2404:imagepicker:2.1] AndroidManifest.xml:37:17-67
120                android:resource="@xml/image_picker_provider_paths" />
120-->[com.github.dhaval2404:imagepicker:2.1] AndroidManifest.xml:38:17-68
121        </provider>
122
123        <activity
123-->[com.google.firebase:firebase-auth:23.1.0] AndroidManifest.xml:29:9-46:20
124            android:name="com.google.firebase.auth.internal.GenericIdpActivity"
124-->[com.google.firebase:firebase-auth:23.1.0] AndroidManifest.xml:30:13-80
125            android:excludeFromRecents="true"
125-->[com.google.firebase:firebase-auth:23.1.0] AndroidManifest.xml:31:13-46
126            android:exported="true"
126-->[com.google.firebase:firebase-auth:23.1.0] AndroidManifest.xml:32:13-36
127            android:launchMode="singleTask"
127-->[com.google.firebase:firebase-auth:23.1.0] AndroidManifest.xml:33:13-44
128            android:theme="@android:style/Theme.Translucent.NoTitleBar" >
128-->[com.google.firebase:firebase-auth:23.1.0] AndroidManifest.xml:34:13-72
129            <intent-filter>
129-->[com.google.firebase:firebase-auth:23.1.0] AndroidManifest.xml:35:13-45:29
130                <action android:name="android.intent.action.VIEW" />
130-->[com.google.firebase:firebase-auth:23.1.0] AndroidManifest.xml:36:17-69
130-->[com.google.firebase:firebase-auth:23.1.0] AndroidManifest.xml:36:25-66
131
132                <category android:name="android.intent.category.DEFAULT" />
132-->[com.google.firebase:firebase-auth:23.1.0] AndroidManifest.xml:38:17-76
132-->[com.google.firebase:firebase-auth:23.1.0] AndroidManifest.xml:38:27-73
133                <category android:name="android.intent.category.BROWSABLE" />
133-->[com.google.firebase:firebase-auth:23.1.0] AndroidManifest.xml:39:17-78
133-->[com.google.firebase:firebase-auth:23.1.0] AndroidManifest.xml:39:27-75
134
135                <data
135-->[com.google.firebase:firebase-auth:23.1.0] AndroidManifest.xml:41:17-44:51
136                    android:host="firebase.auth"
136-->[com.google.firebase:firebase-auth:23.1.0] AndroidManifest.xml:42:21-49
137                    android:path="/"
137-->[com.google.firebase:firebase-auth:23.1.0] AndroidManifest.xml:43:21-37
138                    android:scheme="genericidp" />
138-->[com.google.firebase:firebase-auth:23.1.0] AndroidManifest.xml:44:21-48
139            </intent-filter>
140        </activity>
141        <activity
141-->[com.google.firebase:firebase-auth:23.1.0] AndroidManifest.xml:47:9-64:20
142            android:name="com.google.firebase.auth.internal.RecaptchaActivity"
142-->[com.google.firebase:firebase-auth:23.1.0] AndroidManifest.xml:48:13-79
143            android:excludeFromRecents="true"
143-->[com.google.firebase:firebase-auth:23.1.0] AndroidManifest.xml:49:13-46
144            android:exported="true"
144-->[com.google.firebase:firebase-auth:23.1.0] AndroidManifest.xml:50:13-36
145            android:launchMode="singleTask"
145-->[com.google.firebase:firebase-auth:23.1.0] AndroidManifest.xml:51:13-44
146            android:theme="@android:style/Theme.Translucent.NoTitleBar" >
146-->[com.google.firebase:firebase-auth:23.1.0] AndroidManifest.xml:52:13-72
147            <intent-filter>
147-->[com.google.firebase:firebase-auth:23.1.0] AndroidManifest.xml:53:13-63:29
148                <action android:name="android.intent.action.VIEW" />
148-->[com.google.firebase:firebase-auth:23.1.0] AndroidManifest.xml:36:17-69
148-->[com.google.firebase:firebase-auth:23.1.0] AndroidManifest.xml:36:25-66
149
150                <category android:name="android.intent.category.DEFAULT" />
150-->[com.google.firebase:firebase-auth:23.1.0] AndroidManifest.xml:38:17-76
150-->[com.google.firebase:firebase-auth:23.1.0] AndroidManifest.xml:38:27-73
151                <category android:name="android.intent.category.BROWSABLE" />
151-->[com.google.firebase:firebase-auth:23.1.0] AndroidManifest.xml:39:17-78
151-->[com.google.firebase:firebase-auth:23.1.0] AndroidManifest.xml:39:27-75
152
153                <data
153-->[com.google.firebase:firebase-auth:23.1.0] AndroidManifest.xml:41:17-44:51
154                    android:host="firebase.auth"
154-->[com.google.firebase:firebase-auth:23.1.0] AndroidManifest.xml:42:21-49
155                    android:path="/"
155-->[com.google.firebase:firebase-auth:23.1.0] AndroidManifest.xml:43:21-37
156                    android:scheme="recaptcha" />
156-->[com.google.firebase:firebase-auth:23.1.0] AndroidManifest.xml:44:21-48
157            </intent-filter>
158        </activity>
159
160        <service
160-->[com.google.firebase:firebase-auth:23.1.0] AndroidManifest.xml:66:9-72:19
161            android:name="com.google.firebase.components.ComponentDiscoveryService"
161-->[com.google.firebase:firebase-auth:23.1.0] AndroidManifest.xml:67:13-84
162            android:directBootAware="true"
162-->[com.google.firebase:firebase-common:21.0.0] AndroidManifest.xml:32:13-43
163            android:exported="false" >
163-->[com.google.firebase:firebase-auth:23.1.0] AndroidManifest.xml:68:13-37
164            <meta-data
164-->[com.google.firebase:firebase-auth:23.1.0] AndroidManifest.xml:69:13-71:85
165                android:name="com.google.firebase.components:com.google.firebase.auth.FirebaseAuthRegistrar"
165-->[com.google.firebase:firebase-auth:23.1.0] AndroidManifest.xml:70:17-109
166                android:value="com.google.firebase.components.ComponentRegistrar" />
166-->[com.google.firebase:firebase-auth:23.1.0] AndroidManifest.xml:71:17-82
167            <meta-data
167-->[com.google.firebase:firebase-common-ktx:21.0.0] AndroidManifest.xml:12:13-14:85
168                android:name="com.google.firebase.components:com.google.firebase.ktx.FirebaseCommonLegacyRegistrar"
168-->[com.google.firebase:firebase-common-ktx:21.0.0] AndroidManifest.xml:13:17-116
169                android:value="com.google.firebase.components.ComponentRegistrar" />
169-->[com.google.firebase:firebase-common-ktx:21.0.0] AndroidManifest.xml:14:17-82
170            <meta-data
170-->[com.google.firebase:firebase-common:21.0.0] AndroidManifest.xml:35:13-37:85
171                android:name="com.google.firebase.components:com.google.firebase.FirebaseCommonKtxRegistrar"
171-->[com.google.firebase:firebase-common:21.0.0] AndroidManifest.xml:36:17-109
172                android:value="com.google.firebase.components.ComponentRegistrar" />
172-->[com.google.firebase:firebase-common:21.0.0] AndroidManifest.xml:37:17-82
173        </service>
174        <service
174-->[androidx.credentials:credentials-play-services-auth:1.2.0-rc01] AndroidManifest.xml:24:9-32:19
175            android:name="androidx.credentials.playservices.CredentialProviderMetadataHolder"
175-->[androidx.credentials:credentials-play-services-auth:1.2.0-rc01] AndroidManifest.xml:25:13-94
176            android:enabled="true"
176-->[androidx.credentials:credentials-play-services-auth:1.2.0-rc01] AndroidManifest.xml:26:13-35
177            android:exported="false" >
177-->[androidx.credentials:credentials-play-services-auth:1.2.0-rc01] AndroidManifest.xml:27:13-37
178            <meta-data
178-->[androidx.credentials:credentials-play-services-auth:1.2.0-rc01] AndroidManifest.xml:29:13-31:104
179                android:name="androidx.credentials.CREDENTIAL_PROVIDER_KEY"
179-->[androidx.credentials:credentials-play-services-auth:1.2.0-rc01] AndroidManifest.xml:30:17-76
180                android:value="androidx.credentials.playservices.CredentialProviderPlayServicesImpl" />
180-->[androidx.credentials:credentials-play-services-auth:1.2.0-rc01] AndroidManifest.xml:31:17-101
181        </service>
182
183        <activity
183-->[androidx.credentials:credentials-play-services-auth:1.2.0-rc01] AndroidManifest.xml:34:9-41:20
184            android:name="androidx.credentials.playservices.HiddenActivity"
184-->[androidx.credentials:credentials-play-services-auth:1.2.0-rc01] AndroidManifest.xml:35:13-76
185            android:configChanges="orientation|screenSize|screenLayout|keyboardHidden"
185-->[androidx.credentials:credentials-play-services-auth:1.2.0-rc01] AndroidManifest.xml:36:13-87
186            android:enabled="true"
186-->[androidx.credentials:credentials-play-services-auth:1.2.0-rc01] AndroidManifest.xml:37:13-35
187            android:exported="false"
187-->[androidx.credentials:credentials-play-services-auth:1.2.0-rc01] AndroidManifest.xml:38:13-37
188            android:fitsSystemWindows="true"
188-->[androidx.credentials:credentials-play-services-auth:1.2.0-rc01] AndroidManifest.xml:39:13-45
189            android:theme="@style/Theme.Hidden" >
189-->[androidx.credentials:credentials-play-services-auth:1.2.0-rc01] AndroidManifest.xml:40:13-48
190        </activity>
191        <activity
191-->[com.google.android.gms:play-services-auth:20.7.0] AndroidManifest.xml:23:9-27:75
192            android:name="com.google.android.gms.auth.api.signin.internal.SignInHubActivity"
192-->[com.google.android.gms:play-services-auth:20.7.0] AndroidManifest.xml:24:13-93
193            android:excludeFromRecents="true"
193-->[com.google.android.gms:play-services-auth:20.7.0] AndroidManifest.xml:25:13-46
194            android:exported="false"
194-->[com.google.android.gms:play-services-auth:20.7.0] AndroidManifest.xml:26:13-37
195            android:theme="@android:style/Theme.Translucent.NoTitleBar" />
195-->[com.google.android.gms:play-services-auth:20.7.0] AndroidManifest.xml:27:13-72
196        <!--
197            Service handling Google Sign-In user revocation. For apps that do not integrate with
198            Google Sign-In, this service will never be started.
199        -->
200        <service
200-->[com.google.android.gms:play-services-auth:20.7.0] AndroidManifest.xml:33:9-37:51
201            android:name="com.google.android.gms.auth.api.signin.RevocationBoundService"
201-->[com.google.android.gms:play-services-auth:20.7.0] AndroidManifest.xml:34:13-89
202            android:exported="true"
202-->[com.google.android.gms:play-services-auth:20.7.0] AndroidManifest.xml:35:13-36
203            android:permission="com.google.android.gms.auth.api.signin.permission.REVOCATION_NOTIFICATION"
203-->[com.google.android.gms:play-services-auth:20.7.0] AndroidManifest.xml:36:13-107
204            android:visibleToInstantApps="true" />
204-->[com.google.android.gms:play-services-auth:20.7.0] AndroidManifest.xml:37:13-48
205
206        <provider
206-->[com.google.firebase:firebase-common:21.0.0] AndroidManifest.xml:23:9-28:39
207            android:name="com.google.firebase.provider.FirebaseInitProvider"
207-->[com.google.firebase:firebase-common:21.0.0] AndroidManifest.xml:24:13-77
208            android:authorities="com.dalazu.addprescription.firebaseinitprovider"
208-->[com.google.firebase:firebase-common:21.0.0] AndroidManifest.xml:25:13-72
209            android:directBootAware="true"
209-->[com.google.firebase:firebase-common:21.0.0] AndroidManifest.xml:26:13-43
210            android:exported="false"
210-->[com.google.firebase:firebase-common:21.0.0] AndroidManifest.xml:27:13-37
211            android:initOrder="100" />
211-->[com.google.firebase:firebase-common:21.0.0] AndroidManifest.xml:28:13-36
212
213        <activity
213-->[com.google.android.gms:play-services-base:18.0.1] AndroidManifest.xml:20:9-22:45
214            android:name="com.google.android.gms.common.api.GoogleApiActivity"
214-->[com.google.android.gms:play-services-base:18.0.1] AndroidManifest.xml:20:19-85
215            android:exported="false"
215-->[com.google.android.gms:play-services-base:18.0.1] AndroidManifest.xml:22:19-43
216            android:theme="@android:style/Theme.Translucent.NoTitleBar" />
216-->[com.google.android.gms:play-services-base:18.0.1] AndroidManifest.xml:21:19-78
217
218        <provider
218-->[androidx.emoji2:emoji2:1.3.0] AndroidManifest.xml:24:9-32:20
219            android:name="androidx.startup.InitializationProvider"
219-->[androidx.emoji2:emoji2:1.3.0] AndroidManifest.xml:25:13-67
220            android:authorities="com.dalazu.addprescription.androidx-startup"
220-->[androidx.emoji2:emoji2:1.3.0] AndroidManifest.xml:26:13-68
221            android:exported="false" >
221-->[androidx.emoji2:emoji2:1.3.0] AndroidManifest.xml:27:13-37
222            <meta-data
222-->[androidx.emoji2:emoji2:1.3.0] AndroidManifest.xml:29:13-31:52
223                android:name="androidx.emoji2.text.EmojiCompatInitializer"
223-->[androidx.emoji2:emoji2:1.3.0] AndroidManifest.xml:30:17-75
224                android:value="androidx.startup" />
224-->[androidx.emoji2:emoji2:1.3.0] AndroidManifest.xml:31:17-49
225            <meta-data
225-->[androidx.lifecycle:lifecycle-process:2.6.2] AndroidManifest.xml:29:13-31:52
226                android:name="androidx.lifecycle.ProcessLifecycleInitializer"
226-->[androidx.lifecycle:lifecycle-process:2.6.2] AndroidManifest.xml:30:17-78
227                android:value="androidx.startup" />
227-->[androidx.lifecycle:lifecycle-process:2.6.2] AndroidManifest.xml:31:17-49
228            <meta-data
228-->[androidx.profileinstaller:profileinstaller:1.4.0] AndroidManifest.xml:29:13-31:52
229                android:name="androidx.profileinstaller.ProfileInstallerInitializer"
229-->[androidx.profileinstaller:profileinstaller:1.4.0] AndroidManifest.xml:30:17-85
230                android:value="androidx.startup" />
230-->[androidx.profileinstaller:profileinstaller:1.4.0] AndroidManifest.xml:31:17-49
231        </provider>
232
233        <meta-data
233-->[com.google.android.gms:play-services-basement:18.4.0] AndroidManifest.xml:6:9-122
234            android:name="com.google.android.gms.version"
234-->[com.google.android.gms:play-services-basement:18.4.0] AndroidManifest.xml:6:20-65
235            android:value="@integer/google_play_services_version" />
235-->[com.google.android.gms:play-services-basement:18.4.0] AndroidManifest.xml:6:66-119
236
237        <provider
237-->[com.squareup.picasso:picasso:2.71828] AndroidManifest.xml:8:9-11:40
238            android:name="com.squareup.picasso.PicassoProvider"
238-->[com.squareup.picasso:picasso:2.71828] AndroidManifest.xml:9:13-64
239            android:authorities="com.dalazu.addprescription.com.squareup.picasso"
239-->[com.squareup.picasso:picasso:2.71828] AndroidManifest.xml:10:13-72
240            android:exported="false" />
240-->[com.squareup.picasso:picasso:2.71828] AndroidManifest.xml:11:13-37
241
242        <receiver
242-->[androidx.profileinstaller:profileinstaller:1.4.0] AndroidManifest.xml:34:9-52:20
243            android:name="androidx.profileinstaller.ProfileInstallReceiver"
243-->[androidx.profileinstaller:profileinstaller:1.4.0] AndroidManifest.xml:35:13-76
244            android:directBootAware="false"
244-->[androidx.profileinstaller:profileinstaller:1.4.0] AndroidManifest.xml:36:13-44
245            android:enabled="true"
245-->[androidx.profileinstaller:profileinstaller:1.4.0] AndroidManifest.xml:37:13-35
246            android:exported="true"
246-->[androidx.profileinstaller:profileinstaller:1.4.0] AndroidManifest.xml:38:13-36
247            android:permission="android.permission.DUMP" >
247-->[androidx.profileinstaller:profileinstaller:1.4.0] AndroidManifest.xml:39:13-57
248            <intent-filter>
248-->[androidx.profileinstaller:profileinstaller:1.4.0] AndroidManifest.xml:40:13-42:29
249                <action android:name="androidx.profileinstaller.action.INSTALL_PROFILE" />
249-->[androidx.profileinstaller:profileinstaller:1.4.0] AndroidManifest.xml:41:17-91
249-->[androidx.profileinstaller:profileinstaller:1.4.0] AndroidManifest.xml:41:25-88
250            </intent-filter>
251            <intent-filter>
251-->[androidx.profileinstaller:profileinstaller:1.4.0] AndroidManifest.xml:43:13-45:29
252                <action android:name="androidx.profileinstaller.action.SKIP_FILE" />
252-->[androidx.profileinstaller:profileinstaller:1.4.0] AndroidManifest.xml:44:17-85
252-->[androidx.profileinstaller:profileinstaller:1.4.0] AndroidManifest.xml:44:25-82
253            </intent-filter>
254            <intent-filter>
254-->[androidx.profileinstaller:profileinstaller:1.4.0] AndroidManifest.xml:46:13-48:29
255                <action android:name="androidx.profileinstaller.action.SAVE_PROFILE" />
255-->[androidx.profileinstaller:profileinstaller:1.4.0] AndroidManifest.xml:47:17-88
255-->[androidx.profileinstaller:profileinstaller:1.4.0] AndroidManifest.xml:47:25-85
256            </intent-filter>
257            <intent-filter>
257-->[androidx.profileinstaller:profileinstaller:1.4.0] AndroidManifest.xml:49:13-51:29
258                <action android:name="androidx.profileinstaller.action.BENCHMARK_OPERATION" />
258-->[androidx.profileinstaller:profileinstaller:1.4.0] AndroidManifest.xml:50:17-95
258-->[androidx.profileinstaller:profileinstaller:1.4.0] AndroidManifest.xml:50:25-92
259            </intent-filter>
260        </receiver> <!-- The activities will be merged into the manifest of the hosting app. -->
261        <activity
261-->[com.google.android.play:core-common:2.0.3] AndroidManifest.xml:14:9-18:65
262            android:name="com.google.android.play.core.common.PlayCoreDialogWrapperActivity"
262-->[com.google.android.play:core-common:2.0.3] AndroidManifest.xml:15:13-93
263            android:exported="false"
263-->[com.google.android.play:core-common:2.0.3] AndroidManifest.xml:16:13-37
264            android:stateNotNeeded="true"
264-->[com.google.android.play:core-common:2.0.3] AndroidManifest.xml:17:13-42
265            android:theme="@style/Theme.PlayCore.Transparent" />
265-->[com.google.android.play:core-common:2.0.3] AndroidManifest.xml:18:13-62
266    </application>
267
268</manifest>